<?xml version="1.0" encoding="UTF-8"?>
<!-- Generated by org.testng.reporters.JUnitXMLReporter -->
<testsuite hostname="DESKTOP-SHS08M3" name="Test" tests="9" failures="3" timestamp="13 Jun 2018 13:48:01 GMT" time="0.595" errors="0">
  <testcase name="One" time="0.061" classname="testing.Testcases">
    <failure type="java.lang.AssertionError">
      <![CDATA[java.lang.AssertionError: 
	at testing.Testcases.One(Testcases.java:11)
... Removed 26 stack frames]]>
    </failure>
  </testcase> <!-- One -->
  <testcase name="Six" time="0.031" classname="testing.Testcases"/>
  <testcase name="Two" time="0.029" classname="testing.Testcases"/>
  <testcase name="Eight" time="0.022" classname="testing.Testcases">
    <failure type="java.lang.AssertionError">
      <![CDATA[java.lang.AssertionError: 
	at testing.Testcases.Eight(Testcases.java:45)
... Removed 26 stack frames]]>
    </failure>
  </testcase> <!-- Eight -->
  <testcase name="Three" time="0.042" classname="testing.Testcases">
    <failure type="java.lang.AssertionError">
      <![CDATA[java.lang.AssertionError: 
	at testing.Testcases.Three(Testcases.java:26)
... Removed 26 stack frames]]>
    </failure>
  </testcase> <!-- Three -->
  <testcase name="Four" time="0.016" classname="testing.Testcases"/>
  <testcase name="Nine" time="0.033" classname="testing.Testcases"/>
  <testcase name="Five" time="0.018" classname="testing.Testcases">
    <skipped/>
  </testcase> <!-- Five -->
  <testcase name="Seven" time="0.033" classname="testing.Testcases">
    <skipped/>
  </testcase> <!-- Seven -->
</testsuite> <!-- Test -->
